-.bash_logout
-.bash_profile.localhost
-.bashrc_local
-.vim/backups
-.vim/bundle
-.vim/bundle/vundle/LICENSE-MIT.txt
-.vim/bundle/vundle/README.md
-.vim/bundle/vundle/autoload/vundle.vim
-.vim/bundle/vundle/autoload/vundle/config.vim
-.vim/bundle/vundle/autoload/vundle/installer.vim
-.vim/bundle/vundle/autoload/vundle/scripts.vim
-.vim/bundle/vundle/doc/vundle.txt
-.vim/compiler/perl.vim
-.vim/compiler/ruby.vim
-.vim/config/functions.vim
-.vim/config/keys_normal.vim
-.vim/config/macros.vim
-.vim/config/statusline.vim
-.vim/contrib
-.vim/contrib/keys_ide.vim
-.vim/contrib/plugin/BlockComment.vim
-.vim/contrib/plugin/bufexplorer.vim
-.vim/contrib/templates/cpp_main.cpp
-.vim/contrib/templates/cpp_object.cpp
-.vim/contrib/templates/cpp_object.h
-.vim/contrib/templates/perl.pl
-.vim/contrib/templates/perl_module.pm
-.vim/contrib/templates/perl_object.pm
-.vim/ctags.patch
-.vim/doc/IndentAnything.txt
-.vim/doc/NERD_commenter.txt
-.vim/doc/supertab.txt
-.vim/doc/taglist.txt
-.vim/doc/tags
-.vim/doc/vimspell.txt
-.vim/doc/xml-plugin.txt
-.vim/fkeys_ide.vim
-.vim/fkeys_normal.vim
-.vim/ftplugin
-.vim/ftplugin/html.vim
-.vim/ftplugin/ruby.vim
-.vim/ftplugin/xml.vim
-.vim/functions.vim
-.vim/indent/IndentAnything_html.vim
-.vim/indent/javascript.vim
-.vim/indent/prolog.vim
-.vim/indent/ruby.vim
-.vim/indent/tex.vim
-.vim/keys_ide.vim
-.vim/keys_normal.vim
-.vim/macros.vim
-.vim/macros_csharp.vim
-.vim/macros_perl.vim
-.vim/macros_ruby.vim
-.vim/macros_tex.vim
-.vim/plugin/FeralToggleCommentify.vim
-.vim/plugin/IndentAnything.vim
-.vim/plugin/NERD_commenter.vim
-.vim/plugin/SuperTab.vim
-.vim/plugin/bufgrep.vim
-.vim/plugin/compview.vim
-.vim/plugin/cscope_maps.vim
-.vim/plugin/ctags.vim
-.vim/plugin/fuzzyfinder.vim
-.vim/plugin/fuzzyfinder_textmate.vim
-.vim/plugin/info.vim
-.vim/plugin/minibufexpl.vim
-.vim/plugin/supertab.vim
-.vim/plugin/tagexplorer.vim
-.vim/plugin/taglist.vim
-.vim/plugin/toansi.vim
-.vim/plugin/vimspell.vim
-.vim/plugins.vim
-.vim/ruby
-.vim/ruby/fuzzy_file_finder.rb
-.vim/syntax/2ansi.vim
-.vim/syntax/2tex.vim
-.vim/syntax/Wikipedia.vim 
-.vim/syntax/cs.vim
-.vim/syntax/dtd.vim
-.vim/syntax/pdf.vim
-.vim/syntax/pod.vim
-.vim/syntax/xml.vim
-.vim/template.pl
-.vim/template.pm
-.vimfuzzyfinder
-.zsh.d
-.zsh.d/aliases
-.zsh.d/completion
-.zsh.d/history
-.zsh.d/keys
-.zsh.d/local
-.zsh.d/options
-.zsh.d/prompt
-.zsh.d/ssh
-.zsh.d/svk
-.zsh.d/x
-.zsh/local
-.zsh/svk
-.zsh_env.localhost
