.alias
.aliases
.bash_profile
.bashrc
.env
.gitconfig
.inputrc
.profile
.tmux.conf
.vim/backups
.vim/bundle/vundle/autoload/vundle/config.vim
.vim/bundle/vundle/autoload/vundle/installer.vim
.vim/bundle/vundle/autoload/vundle/scripts.vim
.vim/bundle/vundle/autoload/vundle.vim
.vim/bundle/vundle/doc/vundle.txt
.vim/bundle/vundle/LICENSE-MIT.txt
.vim/bundle/vundle/README.md
.vim/compiler/ruby.vim
.vim/config/filetype_perl.vim
.vim/config/filetype_ruby.vim
.vim/config/functions.vim
.vim/config/keys_normal.vim
.vim/config/macros.vim
.vim/config/plugins.vim
.vim/config/spelling.vim
.vim/config/statusline.vim
.vim/config/vundle.vim
.vim/filetype.vim
.vim/indent/IndentAnything_html.vim
.vim/indent/javascript.vim
.vim/indent/ruby.vim
.vim/Makefile
.vim/plugin/bufgrep.vim
.vim/plugin/IndentAnything.vim
.vim/plugin/info.vim
.vim/plugin/minibufexpl.vim
.vim/plugin/taglist.vim
.vimrc
.vim/ruby
.vim/syntax/dtd.vim
.vim/syntax/pdf.vim
.vim/syntax/pod.vim
.vim/tmp
.zkbd/linux-pc-linux-gnu
.zkbd/linux-unknown-linux-gnu
.zkbd/rxvt-pc-linux-gnu
.zkbd/screen-pc-linux-gnu
.zkbd/xterm-pc-linux-gnu
.zkbd/xterm-portbld-freebsd9.0
.zkbd/xterm-unknown-linux-gnu
.zsh/aliases
.zsh/completion
.zshenv
.zsh/func/load_zshd
.zsh/help
.zsh/history
.zsh/keys
.zsh/locale
.zsh/options
.zsh/prompt
.zshrc
.zsh/x
.zsh/.zshenv
